  [1m[36mUser Load (0.3ms)[0m  [1mSELECT  "users".* FROM "users"  WHERE "users"."id" = $1 LIMIT 1[0m  [["id", 1]]
  [1m[35mScore Load (0.6ms)[0m  SELECT "scores".* FROM "scores"  WHERE "scores"."user_id" = $1  [["user_id", 1]]
  [1m[36mScore Load (0.7ms)[0m  [1mSELECT  "scores".* FROM "scores"   ORDER BY "scores"."id" DESC LIMIT 1[0m
  [1m[35m (0.2ms)[0m  BEGIN
  [1m[36mSQL (0.8ms)[0m  [1mUPDATE "scores" SET "updated_at" = $1, "user_id" = $2 WHERE "scores"."id" = 5[0m  [["updated_at", "2014-07-27 02:12:49.866275"], ["user_id", 1]]
  [1m[35m (0.4ms)[0m  COMMIT
  [1m[36mScore Load (0.6ms)[0m  [1mSELECT  "scores".* FROM "scores"   ORDER BY "scores"."id" DESC LIMIT 1[0m
  [1m[35mScore Load (0.7ms)[0m  SELECT  "scores".* FROM "scores"   ORDER BY "scores"."id" ASC LIMIT 1
  [1m[36m (0.3ms)[0m  [1mBEGIN[0m
  [1m[35mSQL (0.3ms)[0m  DELETE FROM "scores" WHERE "scores"."id" = $1  [["id", 1]]
  [1m[36m (0.8ms)[0m  [1mCOMMIT[0m
  [1m[35mScore Load (0.7ms)[0m  SELECT  "scores".* FROM "scores"   ORDER BY "scores"."id" ASC LIMIT 1
  [1m[36m (0.2ms)[0m  [1mBEGIN[0m
  [1m[35mSQL (0.3ms)[0m  DELETE FROM "scores" WHERE "scores"."id" = $1  [["id", 2]]
  [1m[36m (0.8ms)[0m  [1mCOMMIT[0m
  [1m[35mScore Load (0.7ms)[0m  SELECT  "scores".* FROM "scores"   ORDER BY "scores"."id" ASC LIMIT 1
  [1m[36m (0.2ms)[0m  [1mBEGIN[0m
  [1m[35mSQL (0.3ms)[0m  DELETE FROM "scores" WHERE "scores"."id" = $1  [["id", 3]]
  [1m[36m (0.7ms)[0m  [1mCOMMIT[0m
  [1m[35mScore Load (0.6ms)[0m  SELECT "scores".* FROM "scores"
  [1m[36mScore Load (0.2ms)[0m  [1mSELECT  "scores".* FROM "scores"  WHERE "scores"."id" = $1 LIMIT 1[0m  [["id", 7]]
  [1m[35m (0.2ms)[0m  BEGIN
  [1m[36mSQL (0.3ms)[0m  [1mDELETE FROM "scores" WHERE "scores"."id" = $1[0m  [["id", 7]]
  [1m[35m (0.7ms)[0m  COMMIT
  [1m[36mScore Load (0.5ms)[0m  [1mSELECT  "scores".* FROM "scores"  WHERE "scores"."id" = $1 LIMIT 1[0m  [["id", 6]]
  [1m[35m (0.2ms)[0m  BEGIN
  [1m[36mSQL (0.3ms)[0m  [1mDELETE FROM "scores" WHERE "scores"."id" = $1[0m  [["id", 6]]
  [1m[35m (0.7ms)[0m  COMMIT
  [1m[36mScore Load (0.5ms)[0m  [1mSELECT  "scores".* FROM "scores"  WHERE "scores"."id" = $1 LIMIT 1[0m  [["id", 5]]
  [1m[35m (0.2ms)[0m  BEGIN
  [1m[36mSQL (0.3ms)[0m  [1mDELETE FROM "scores" WHERE "scores"."id" = $1[0m  [["id", 5]]
  [1m[35m (0.8ms)[0m  COMMIT
